{"asctime": "2021-10-21 08:10:22,928", "levelname": "INFO", "message": "App built"}
{"asctime": "2021-12-10 10:42:05,914", "levelname": "INFO", "message": "App started"}
{"asctime": "2021-12-10 10:42:05,933", "levelname": "INFO", "message": "Started publishing thread"}
{"asctime": "2021-12-10 10:42:07,584", "levelname": "ERROR", "message": "Traceback (most recent call last):\n  File \"/usr/local/lib/python3.10/threading.py\", line 1009, in _bootstrap_inner\n    self.run()\n  File \"/app/publisher.py\", line 33, in run\n    records, is_completed = self.zoom.get_records(meetings)\n  File \"/app/zoom.py\", line 93, in get_records\n    response = self._repeat_get(\n  File \"/app/zoom.py\", line 30, in _repeat_get\n    self.update_token()\n  File \"/app/zoom.py\", line 78, in update_token\n    self.access_token = response[\"access_token\"]\nKeyError: 'access_token'\n"}
{"asctime": "2021-12-10 10:42:07,585", "levelname": "INFO", "message": "Joined publishing thread"}
{"asctime": "2021-12-10 10:44:21,605", "levelname": "INFO", "message": "App shutdown"}
{"asctime": "2021-12-10 15:06:21,719", "levelname": "INFO", "message": "App started"}
{"asctime": "2021-12-10 15:06:21,737", "levelname": "INFO", "message": "Started publishing thread"}
{"asctime": "2021-12-10 15:06:23,426", "levelname": "ERROR", "message": "Traceback (most recent call last):\n  File \"/usr/local/lib/python3.10/threading.py\", line 1009, in _bootstrap_inner\n    self.run()\n  File \"/app/publisher.py\", line 33, in run\n    records, is_completed = self.zoom.get_records(meetings)\n  File \"/app/zoom.py\", line 93, in get_records\n    response = self._repeat_get(\n  File \"/app/zoom.py\", line 30, in _repeat_get\n    self.update_token()\n  File \"/app/zoom.py\", line 78, in update_token\n    self.access_token = response[\"access_token\"]\nKeyError: 'access_token'\n"}
{"asctime": "2021-12-10 15:06:23,426", "levelname": "INFO", "message": "Joined publishing thread"}
{"asctime": "2021-12-10 15:07:15,593", "levelname": "INFO", "message": "App shutdown"}
{"asctime": "2021-12-10 15:18:18,715", "levelname": "INFO", "message": "App started"}
{"asctime": "2021-12-10 15:18:18,733", "levelname": "INFO", "message": "Started publishing thread"}
{"asctime": "2021-12-10 15:18:20,251", "levelname": "ERROR", "message": "Traceback (most recent call last):\n  File \"/usr/local/lib/python3.10/threading.py\", line 1009, in _bootstrap_inner\n    self.run()\n  File \"/app/publisher.py\", line 33, in run\n    records, is_completed = self.zoom.get_records(meetings)\n  File \"/app/zoom.py\", line 93, in get_records\n    response = self._repeat_get(\n  File \"/app/zoom.py\", line 30, in _repeat_get\n    self.update_token()\n  File \"/app/zoom.py\", line 78, in update_token\n    self.access_token = response[\"access_token\"]\nKeyError: 'access_token'\n"}
{"asctime": "2021-12-10 15:18:20,252", "levelname": "INFO", "message": "Joined publishing thread"}
{"asctime": "2021-12-10 15:23:20,628", "levelname": "INFO", "message": "Started publishing thread"}
{"asctime": "2021-12-10 15:23:22,201", "levelname": "ERROR", "message": "Traceback (most recent call last):\n  File \"/usr/local/lib/python3.10/threading.py\", line 1009, in _bootstrap_inner\n    self.run()\n  File \"/app/publisher.py\", line 33, in run\n    records, is_completed = self.zoom.get_records(meetings)\n  File \"/app/zoom.py\", line 93, in get_records\n    response = self._repeat_get(\n  File \"/app/zoom.py\", line 30, in _repeat_get\n    self.update_token()\n  File \"/app/zoom.py\", line 78, in update_token\n    self.access_token = response[\"access_token\"]\nKeyError: 'access_token'\n"}
{"asctime": "2021-12-10 15:23:22,203", "levelname": "INFO", "message": "Joined publishing thread"}
{"asctime": "2021-12-10 15:28:22,578", "levelname": "INFO", "message": "Started publishing thread"}
{"asctime": "2021-12-10 15:28:24,212", "levelname": "ERROR", "message": "Traceback (most recent call last):\n  File \"/usr/local/lib/python3.10/threading.py\", line 1009, in _bootstrap_inner\n    self.run()\n  File \"/app/publisher.py\", line 33, in run\n    records, is_completed = self.zoom.get_records(meetings)\n  File \"/app/zoom.py\", line 93, in get_records\n    response = self._repeat_get(\n  File \"/app/zoom.py\", line 30, in _repeat_get\n    self.update_token()\n  File \"/app/zoom.py\", line 78, in update_token\n    self.access_token = response[\"access_token\"]\nKeyError: 'access_token'\n"}
{"asctime": "2021-12-10 15:28:24,213", "levelname": "INFO", "message": "Joined publishing thread"}
{"asctime": "2021-12-10 15:33:24,577", "levelname": "INFO", "message": "Started publishing thread"}
{"asctime": "2021-12-10 15:33:26,175", "levelname": "ERROR", "message": "Traceback (most recent call last):\n  File \"/usr/local/lib/python3.10/threading.py\", line 1009, in _bootstrap_inner\n    self.run()\n  File \"/app/publisher.py\", line 33, in run\n    records, is_completed = self.zoom.get_records(meetings)\n  File \"/app/zoom.py\", line 93, in get_records\n    response = self._repeat_get(\n  File \"/app/zoom.py\", line 30, in _repeat_get\n    self.update_token()\n  File \"/app/zoom.py\", line 78, in update_token\n    self.access_token = response[\"access_token\"]\nKeyError: 'access_token'\n"}
{"asctime": "2021-12-10 15:33:26,176", "levelname": "INFO", "message": "Joined publishing thread"}
{"asctime": "2021-12-10 15:33:58,406", "levelname": "INFO", "message": "App shutdown"}
